<?xml version="1.0" encoding="UTF-8"?>
<testng-results ignored="0" total="1" passed="1" failed="0" skipped="0">
  <reporter-output>
  </reporter-output>
  <suite started-at="2024-11-09T17:55:30 IST" name="Default suite" finished-at="2024-11-09T17:56:06 IST" duration-ms="35911">
    <groups>
    </groups>
    <test started-at="2024-11-09T17:55:30 IST" name="Default test" finished-at="2024-11-09T17:56:06 IST" duration-ms="35911">
      <class name="runnerScript.TestCase">
        <test-method is-config="true" signature="launch_Browser()[pri:0, instance:runnerScript.TestCase@799f10e1]" started-at="2024-11-09T17:55:30 IST" name="launch_Browser" finished-at="2024-11-09T17:55:35 IST" duration-ms="4612" status="PASS">
          <reporter-output>
          </reporter-output>
        </test-method> <!-- launch_Browser -->
        <test-method is-config="true" signature="launch_application()[pri:0, instance:runnerScript.TestCase@799f10e1]" started-at="2024-11-09T17:55:35 IST" name="launch_application" finished-at="2024-11-09T17:55:38 IST" duration-ms="3158" status="PASS">
          <reporter-output>
          </reporter-output>
        </test-method> <!-- launch_application -->
        <test-method signature="Execution()[pri:0, instance:runnerScript.TestCase@799f10e1]" started-at="2024-11-09T17:55:38 IST" name="Execution" finished-at="2024-11-09T17:56:06 IST" duration-ms="28059" status="PASS">
          <reporter-output>
          </reporter-output>
        </test-method> <!-- Execution -->
      </class> <!-- runnerScript.TestCase -->
    </test> <!-- Default test -->
  </suite> <!-- Default suite -->
</testng-results>
